(0000) 3000  0011000000000000 (   3)                 .ORIG x3000
(3000) E629  1110011000101001 (   4)                 LEA   R3 LABEL
(3001) 2432  0010010000110010 (   5)                 LD    R2 ten
(3002) E04D  1110000001001101 (   7) input           LEA   R0 msg1
(3003) F022  1111000000100010 (   8)                 TRAP  x22
(3004) F020  1111000000100000 (   9)                 TRAP  x20
(3005) F021  1111000000100001 (  10)                 TRAP  x21
(3006) 70C0  0111000011000000 (  11)                 STR   R0 R3 #0
(3007) 202D  0010000000101101 (  12)                 LD    R0 NL
(3008) F021  1111000000100001 (  13)                 TRAP  x21
(3009) 16E1  0001011011100001 (  14)                 ADD   R3 R3 #1
(300A) 14BF  0001010010111111 (  15)                 ADD   R2 R2 #-1
(300B) 03F6  0000001111110110 (  16)                 BRP   input
(300C) E61D  1110011000011101 (  18)                 LEA   R3 LABEL
(300D) E828  1110100000101000 (  19)                 LEA   R4 RES
(300E) 2425  0010010000100101 (  20)                 LD    R2 ten
(300F) 60C0  0110000011000000 (  22) loop            LDR   R0 R3 #0
(3010) 1021  0001000000100001 (  23)                 ADD   R0 R0 #1
(3011) 7100  0111000100000000 (  24)                 STR   R0 R4 #0
(3012) 16E1  0001011011100001 (  25)                 ADD   R3 R3 #1
(3013) 1921  0001100100100001 (  26)                 ADD   R4 R4 #1
(3014) 14BF  0001010010111111 (  27)                 ADD   R2 R2 #-1
(3015) 03F9  0000001111111001 (  28)                 BRP   loop
(3016) E613  1110011000010011 (  30)                 LEA   R3 LABEL
(3017) E81E  1110100000011110 (  31)                 LEA   R4 RES
(3018) 241B  0010010000011011 (  32)                 LD    R2 ten
(3019) E027  1110000000100111 (  33)                 LEA   R0 msg
(301A) F022  1111000000100010 (  34)                 TRAP  x22
(301B) 2019  0010000000011001 (  35)                 LD    R0 NL
(301C) F021  1111000000100001 (  36)                 TRAP  x21
(301D) 60C0  0110000011000000 (  39) output          LDR   R0 R3 #0
(301E) F021  1111000000100001 (  40)                 TRAP  x21
(301F) 2020  0010000000100000 (  41)                 LD    R0 spa
(3020) F021  1111000000100001 (  42)                 TRAP  x21
(3021) 6100  0110000100000000 (  43)                 LDR   R0 R4 #0
(3022) F021  1111000000100001 (  44)                 TRAP  x21
(3023) 2011  0010000000010001 (  45)                 LD    R0 NL
(3024) F021  1111000000100001 (  46)                 TRAP  x21
(3025) 16E1  0001011011100001 (  47)                 ADD   R3 R3 #1
(3026) 1921  0001100100100001 (  48)                 ADD   R4 R4 #1
(3027) 14BF  0001010010111111 (  49)                 ADD   R2 R2 #-1
(3028) 03F4  0000001111110100 (  50)                 BRP   output
(3029) F025  1111000000100101 (  53)                 TRAP  x25
(302A) 0000  0000000000000000 (  56) LABEL           .FILL x0000
(302B) 0000  0000000000000000 (  56)                 .FILL x0000
(302C) 0000  0000000000000000 (  56)                 .FILL x0000
(302D) 0000  0000000000000000 (  56)                 .FILL x0000
(302E) 0000  0000000000000000 (  56)                 .FILL x0000
(302F) 0000  0000000000000000 (  56)                 .FILL x0000
(3030) 0000  0000000000000000 (  56)                 .FILL x0000
(3031) 0000  0000000000000000 (  56)                 .FILL x0000
(3032) 0000  0000000000000000 (  56)                 .FILL x0000
(3033) 0000  0000000000000000 (  56)                 .FILL x0000
(3034) 000A  0000000000001010 (  56) ten             .FILL x000A
(3035) 000A  0000000000001010 (  57) NL              .FILL x000A
(3036) 0000  0000000000000000 (  59) RES             .FILL x0000
(3037) 0000  0000000000000000 (  59)                 .FILL x0000
(3038) 0000  0000000000000000 (  59)                 .FILL x0000
(3039) 0000  0000000000000000 (  59)                 .FILL x0000
(303A) 0000  0000000000000000 (  59)                 .FILL x0000
(303B) 0000  0000000000000000 (  59)                 .FILL x0000
(303C) 0000  0000000000000000 (  59)                 .FILL x0000
(303D) 0000  0000000000000000 (  59)                 .FILL x0000
(303E) 0000  0000000000000000 (  59)                 .FILL x0000
(303F) 0000  0000000000000000 (  59)                 .FILL x0000
(3040) 0020  0000000000100000 (  59) spa             .FILL x0020
(3041) 0054  0000000001010100 (  60) msg             .FILL x0054
(3042) 0068  0000000001101000 (  60)                 .FILL x0068
(3043) 0065  0000000001100101 (  60)                 .FILL x0065
(3044) 0020  0000000000100000 (  60)                 .FILL x0020
(3045) 006F  0000000001101111 (  60)                 .FILL x006F
(3046) 0075  0000000001110101 (  60)                 .FILL x0075
(3047) 0070  0000000001110000 (  60)                 .FILL x0070
(3048) 0075  0000000001110101 (  60)                 .FILL x0075
(3049) 0074  0000000001110100 (  60)                 .FILL x0074
(304A) 0020  0000000000100000 (  60)                 .FILL x0020
(304B) 0069  0000000001101001 (  60)                 .FILL x0069
(304C) 0073  0000000001110011 (  60)                 .FILL x0073
(304D) 003A  0000000000111010 (  60)                 .FILL x003A
(304E) 0020  0000000000100000 (  60)                 .FILL x0020
(304F) 0000  0000000000000000 (  60)                 .FILL x0000
(3050) 0045  0000000001000101 (  61) msg1            .FILL x0045
(3051) 006E  0000000001101110 (  61)                 .FILL x006E
(3052) 0074  0000000001110100 (  61)                 .FILL x0074
(3053) 0065  0000000001100101 (  61)                 .FILL x0065
(3054) 0072  0000000001110010 (  61)                 .FILL x0072
(3055) 0020  0000000000100000 (  61)                 .FILL x0020
(3056) 0061  0000000001100001 (  61)                 .FILL x0061
(3057) 0020  0000000000100000 (  61)                 .FILL x0020
(3058) 0063  0000000001100011 (  61)                 .FILL x0063
(3059) 0068  0000000001101000 (  61)                 .FILL x0068
(305A) 0061  0000000001100001 (  61)                 .FILL x0061
(305B) 0072  0000000001110010 (  61)                 .FILL x0072
(305C) 0061  0000000001100001 (  61)                 .FILL x0061
(305D) 0063  0000000001100011 (  61)                 .FILL x0063
(305E) 0074  0000000001110100 (  61)                 .FILL x0074
(305F) 0065  0000000001100101 (  61)                 .FILL x0065
(3060) 0072  0000000001110010 (  61)                 .FILL x0072
(3061) 003A  0000000000111010 (  61)                 .FILL x003A
(3062) 0020  0000000000100000 (  61)                 .FILL x0020
(3063) 0000  0000000000000000 (  61)                 .FILL x0000
