(0000) 3000  0011000000000000 (   1)                 .ORIG x3000
(3000) E210  1110001000010000 (   2)                 LEA   R1 FIRST
(3001) E415  1110010000010101 (   3)                 LEA   R2 SECOND
(3002) 5020  0101000000100000 (   4)                 AND   R0 R0 #0
(3003) 6640  0110011001000000 (   6) LOOP            LDR   R3 R1 #0
(3004) 6880  0110100010000000 (   7)                 LDR   R4 R2 #0
(3005) 0408  0000010000001000 (   8)                 BRZ   NEXT
(3006) 1261  0001001001100001 (   9)                 ADD   R1 R1 #1
(3007) 14A1  0001010010100001 (  10)                 ADD   R2 R2 #1
(3008) 993F  1001100100111111 (  12)                 NOT   R4 R4
(3009) 1921  0001100100100001 (  13)                 ADD   R4 R4 #1
(300A) 16C4  0001011011000100 (  15)                 ADD   R3 R3 R4
(300B) 05F7  0000010111110111 (  16)                 BRZ   LOOP
(300C) 5B60  0101101101100000 (  18)                 AND   R5 R5 #0
(300D) 0E02  0000111000000010 (  19)                 BRNZP DONE
(300E) 5B60  0101101101100000 (  21) NEXT            AND   R5 R5 #0
(300F) 1B61  0001101101100001 (  22)                 ADD   R5 R5 #1
(3010) F025  1111000000100101 (  24) DONE            TRAP  x25
(3011) 0068  0000000001101000 (  26) FIRST           .FILL x0068
(3012) 0045  0000000001000101 (  26)                 .FILL x0045
(3013) 004C  0000000001001100 (  26)                 .FILL x004C
(3014) 004C  0000000001001100 (  26)                 .FILL x004C
(3015) 004F  0000000001001111 (  26)                 .FILL x004F
(3016) 0000  0000000000000000 (  26)                 .FILL x0000
(3017) 0048  0000000001001000 (  27) SECOND          .FILL x0048
(3018) 0045  0000000001000101 (  27)                 .FILL x0045
(3019) 004C  0000000001001100 (  27)                 .FILL x004C
(301A) 004C  0000000001001100 (  27)                 .FILL x004C
(301B) 004F  0000000001001111 (  27)                 .FILL x004F
(301C) 0000  0000000000000000 (  27)                 .FILL x0000
