(0000) 3000  0011000000000000 (   2)                 .ORIG x3000
(3000) 5260  0101001001100000 (   3)                 AND   R1 R1 #0
(3001) 54A0  0101010010100000 (   4)                 AND   R2 R2 #0
(3002) 2611  0010011000010001 (   5)                 LD    R3 neg
(3003) F023  1111000000100011 (   6)                 TRAP  x23
(3004) 12C0  0001001011000000 (   7)                 ADD   R1 R3 R0
(3005) F023  1111000000100011 (   8)                 TRAP  x23
(3006) 14C0  0001010011000000 (   9)                 ADD   R2 R3 R0
(3007) 98BF  1001100010111111 (  10)                 NOT   R4 R2
(3008) 1921  0001100100100001 (  11)                 ADD   R4 R4 #1
(3009) 2C0B  0010110000001011 (  13)                 LD    R6 pos
(300A) 1B01  0001101100000001 (  15)                 ADD   R5 R4 R1
(300B) 0404  0000010000000100 (  18)                 BRZ   lrgR1
(300C) 0203  0000001000000011 (  19)                 BRP   lrgR1
(300D) 0800  0000100000000000 (  20)                 BRN   lrgR2
(300E) 10A0  0001000010100000 (  22) lrgR2           ADD   R0 R2 #0
(300F) 0E01  0000111000000001 (  23)                 BRNZP done
(3010) 1060  0001000001100000 (  25) lrgR1           ADD   R0 R1 #0
(3011) 1006  0001000000000110 (  26) done            ADD   R0 R0 R6
(3012) F021  1111000000100001 (  27)                 TRAP  x21
(3013) F025  1111000000100101 (  30)                 TRAP  x25
(3014) FFD0  1111111111010000 (  32) neg             .FILL xFFD0
(3015) 0030  0000000000110000 (  33) pos             .FILL x0030
