(0000) 3000  0011000000000000 (   1)                 .ORIG x3000
(3000) F020  1111000000100000 (   2)                 TRAP  x20
(3001) F021  1111000000100001 (   3)                 TRAP  x21
(3002) 2C14  0010110000010100 (   5)                 LD    R6 negasc
(3003) 1006  0001000000000110 (   6)                 ADD   R0 R0 R6
(3004) 1200  0001001000000000 (   7)                 ADD   R1 R0 R0
(3005) 1460  0001010001100000 (   8)                 ADD   R2 R1 #0
(3006) 1482  0001010010000010 (   9)                 ADD   R2 R2 R2
(3007) 1482  0001010010000010 (  10)                 ADD   R2 R2 R2
(3008) 1481  0001010010000001 (  11)                 ADD   R2 R2 R1
(3009) F020  1111000000100000 (  13)                 TRAP  x20
(300A) F021  1111000000100001 (  14)                 TRAP  x21
(300B) 1006  0001000000000110 (  16)                 ADD   R0 R0 R6
(300C) 1680  0001011010000000 (  17)                 ADD   R3 R2 R0
(300D) 5020  0101000000100000 (  19)                 AND   R0 R0 #0
(300E) 1AE0  0001101011100000 (  20)                 ADD   R5 R3 #0
(300F) 1021  0001000000100001 (  22) loop            ADD   R0 R0 #1
(3010) 1B76  0001101101110110 (  23)                 ADD   R5 R5 #-10
(3011) 07FD  0000011111111101 (  24)                 BRZP  loop
(3012) 103F  0001000000111111 (  26)                 ADD   R0 R0 #-1
(3013) 2C04  0010110000000100 (  27)                 LD    R6 posasc
(3014) 1006  0001000000000110 (  28)                 ADD   R0 R0 R6
(3015) F021  1111000000100001 (  29)                 TRAP  x21
(3016) F025  1111000000100101 (  31)                 TRAP  x25
(3017) FFD0  1111111111010000 (  33) negasc          .FILL xFFD0
(3018) 0030  0000000000110000 (  34) posasc          .FILL x0030
