(0000) 3000  0011000000000000 (   3)                 .ORIG x3000
(3000) E012  1110000000010010 (   4)                 LEA   R0 FIRST
(3001) 123F  0001001000111111 (   5)                 ADD   R1 R0 #-1
(3002) 6641  0110011001000001 (   7) LOOP            LDR   R3 R1 #1
(3003) 0402  0000010000000010 (   8)                 BRZ   DONE1
(3004) 1261  0001001001100001 (  10)                 ADD   R1 R1 #1
(3005) 0FFC  0000111111111100 (  11)                 BRNZP LOOP
(3006) 943F  1001010000111111 (  18) DONE1           NOT   R2 R0
(3007) 1481  0001010010000001 (  19)                 ADD   R2 R2 R1
(3008) 14A0  0001010010100000 (  21) LOOP2           ADD   R2 R2 #0
(3009) 0808  0000100000001000 (  22)                 BRN   DONE
(300A) 6600  0110011000000000 (  23)                 LDR   R3 R0 #0
(300B) 6840  0110100001000000 (  24)                 LDR   R4 R1 #0
(300C) 7840  0111100001000000 (  26)                 STR   R4 R1 #0
(300D) 7640  0111011001000000 (  27)                 STR   R3 R1 #0
(300E) 1021  0001000000100001 (  29)                 ADD   R0 R0 #1
(300F) 127F  0001001001111111 (  30)                 ADD   R1 R1 #-1
(3010) 14BE  0001010010111110 (  32)                 ADD   R2 R2 #-2
(3011) 0FF6  0000111111110110 (  33)                 BRNZP LOOP2
(3012) F025  1111000000100101 (  35) DONE            TRAP  x25
(3013) 0054  0000000001010100 (  37) FIRST           .FILL x0054
(3014) 0068  0000000001101000 (  37)                 .FILL x0068
(3015) 0069  0000000001101001 (  37)                 .FILL x0069
(3016) 0073  0000000001110011 (  37)                 .FILL x0073
(3017) 0020  0000000000100000 (  37)                 .FILL x0020
(3018) 0069  0000000001101001 (  37)                 .FILL x0069
(3019) 0073  0000000001110011 (  37)                 .FILL x0073
(301A) 0020  0000000000100000 (  37)                 .FILL x0020
(301B) 0066  0000000001100110 (  37)                 .FILL x0066
(301C) 0075  0000000001110101 (  37)                 .FILL x0075
(301D) 006E  0000000001101110 (  37)                 .FILL x006E
(301E) 0021  0000000000100001 (  37)                 .FILL x0021
(301F) 0021  0000000000100001 (  37)                 .FILL x0021
(3020) 0000  0000000000000000 (  37)                 .FILL x0000
(3021) 0000  0000000000000000 (  40) RESULT          .FILL x0000
(3022) 0000  0000000000000000 (  40)                 .FILL x0000
(3023) 0000  0000000000000000 (  40)                 .FILL x0000
(3024) 0000  0000000000000000 (  40)                 .FILL x0000
(3025) 0000  0000000000000000 (  40)                 .FILL x0000
(3026) 0000  0000000000000000 (  40)                 .FILL x0000
(3027) 0000  0000000000000000 (  40)                 .FILL x0000
(3028) 0000  0000000000000000 (  40)                 .FILL x0000
(3029) 0000  0000000000000000 (  40)                 .FILL x0000
(302A) 0000  0000000000000000 (  40)                 .FILL x0000
(302B) 0000  0000000000000000 (  40)                 .FILL x0000
(302C) 0000  0000000000000000 (  40)                 .FILL x0000
(302D) 0000  0000000000000000 (  40)                 .FILL x0000
