(0000) 3000  0011000000000000 (   7)                 .ORIG x3000
(3000) 2C39  0010110000111001 (   8)                 LD    R6 BASE
(3001) 9DBF  1001110110111111 (   9)                 NOT   R6 R6
(3002) 1DA1  0001110110100001 (  10)                 ADD   R6 R6 #1
(3003) 2237  0010001000110111 (  11)                 LD    R1 MAX
(3004) 26C3  0010011011000011 (  12)                 LD    R3 nlneg
(3005) E8C4  1110100011000100 (  13)                 LEA   R4 labl
(3006) 4823  0100100000100011 (  15)                 JSR   READS
(3007) E077  1110000001110111 (  16)                 LEA   R0 msg3
(3008) F022  1111000000100010 (  17)                 TRAP  x22
(3009) 2032  0010000000110010 (  18)                 LD    R0 MAXpos
(300A) F022  1111000000100010 (  19)                 TRAP  x22
(300B) 20BD  0010000010111101 (  21)                 LD    R0 nl
(300C) F021  1111000000100001 (  22)                 TRAP  x21
(300D) E08B  1110000010001011 (  24)                 LEA   R0 msg4
(300E) F022  1111000000100010 (  25)                 TRAP  x22
(300F) F020  1111000000100000 (  26)                 TRAP  x20
(3010) F021  1111000000100001 (  27)                 TRAP  x21
(3011) 56E0  0101011011100000 (  28)                 AND   R3 R3 #0
(3012) 16C0  0001011011000000 (  29)                 ADD   R3 R3 R0
(3013) 96FF  1001011011111111 (  30)                 NOT   R3 R3
(3014) 16E1  0001011011100001 (  31)                 ADD   R3 R3 #1
(3015) 20B3  0010000010110011 (  32)                 LD    R0 nl
(3016) F021  1111000000100001 (  33)                 TRAP  x21
(3017) E097  1110000010010111 (  34)                 LEA   R0 msg5
(3018) F022  1111000000100010 (  35)                 TRAP  x22
(3019) 480A  0100100000001010 (  37) loop2           JSR   POP
(301A) 12C0  0001001011000000 (  38)                 ADD   R1 R3 R0
(301B) 05FD  0000010111111101 (  39)                 BRZ   loop2
(301C) F021  1111000000100001 (  40)                 TRAP  x21
(301D) 0FFB  0000111111111011 (  41)                 BRNZP loop2
(301E) F025  1111000000100101 (  43) done            TRAP  x25
(301F) 1581  0001010110000001 (  45) PUSH            ADD   R2 R6 R1
(3020) 0402  0000010000000010 (  46)                 BRZ   fail
(3021) 1DBF  0001110110111111 (  47)                 ADD   R6 R6 #-1
(3022) 7180  0111000110000000 (  48)                 STR   R0 R6 #0
(3023) C1C0  1100000111000000 (  49) fail            RET   
(3024) 2215  0010001000010101 (  51) POP             LD    R1 BASE
(3025) 1581  0001010110000001 (  52)                 ADD   R2 R6 R1
(3026) 05F7  0000010111110111 (  53)                 BRZ   done
(3027) 6180  0110000110000000 (  54)                 LDR   R0 R6 #0
(3028) 1DA1  0001110110100001 (  55)                 ADD   R6 R6 #1
(3029) C1C0  1100000111000000 (  56)                 RET   
(302A) 1BE0  0001101111100000 (  58) READS           ADD   R5 R7 #0
(302B) E011  1110000000010001 (  59)                 LEA   R0 msg1
(302C) F022  1111000000100010 (  60)                 TRAP  x22
(302D) F020  1111000000100000 (  61) loop1           TRAP  x20
(302E) F021  1111000000100001 (  62)                 TRAP  x21
(302F) 4FEF  0100111111101111 (  63)                 JSR   PUSH
(3030) 7100  0111000100000000 (  64)                 STR   R0 R4 #0
(3031) 1921  0001100100100001 (  65)                 ADD   R4 R4 #1
(3032) 1003  0001000000000011 (  66)                 ADD   R0 R0 R3
(3033) 03F9  0000001111111001 (  67)                 BRP   loop1
(3034) E031  1110000000110001 (  68)                 LEA   R0 msg2
(3035) F022  1111000000100010 (  69)                 TRAP  x22
(3036) E093  1110000010010011 (  70)                 LEA   R0 labl
(3037) F022  1111000000100010 (  71)                 TRAP  x22
(3038) 1F60  0001111101100000 (  72)                 ADD   R7 R5 #0
(3039) C1C0  1100000111000000 (  73)                 RET   
(303A) C000  1100000000000000 (  75) BASE            .FILL xC000
(303B) C009  1100000000001001 (  76) MAX             .FILL xC009
(303C) 3FF7  0011111111110111 (  77) MAXpos          .FILL x3FF7
(303D) 0045  0000000001000101 (  79) msg1            .FILL x0045
(303E) 006E  0000000001101110 (  79)                 .FILL x006E
(303F) 0074  0000000001110100 (  79)                 .FILL x0074
(3040) 0065  0000000001100101 (  79)                 .FILL x0065
(3041) 0072  0000000001110010 (  79)                 .FILL x0072
(3042) 0020  0000000000100000 (  79)                 .FILL x0020
(3043) 0061  0000000001100001 (  79)                 .FILL x0061
(3044) 0020  0000000000100000 (  79)                 .FILL x0020
(3045) 0073  0000000001110011 (  79)                 .FILL x0073
(3046) 0074  0000000001110100 (  79)                 .FILL x0074
(3047) 0072  0000000001110010 (  79)                 .FILL x0072
(3048) 0069  0000000001101001 (  79)                 .FILL x0069
(3049) 006E  0000000001101110 (  79)                 .FILL x006E
(304A) 0067  0000000001100111 (  79)                 .FILL x0067
(304B) 0020  0000000000100000 (  79)                 .FILL x0020
(304C) 006E  0000000001101110 (  79)                 .FILL x006E
(304D) 006F  0000000001101111 (  79)                 .FILL x006F
(304E) 0020  0000000000100000 (  79)                 .FILL x0020
(304F) 006D  0000000001101101 (  79)                 .FILL x006D
(3050) 006F  0000000001101111 (  79)                 .FILL x006F
(3051) 0072  0000000001110010 (  79)                 .FILL x0072
(3052) 0065  0000000001100101 (  79)                 .FILL x0065
(3053) 0020  0000000000100000 (  79)                 .FILL x0020
(3054) 0074  0000000001110100 (  79)                 .FILL x0074
(3055) 0068  0000000001101000 (  79)                 .FILL x0068
(3056) 0061  0000000001100001 (  79)                 .FILL x0061
(3057) 006E  0000000001101110 (  79)                 .FILL x006E
(3058) 0020  0000000000100000 (  79)                 .FILL x0020
(3059) 0039  0000000000111001 (  79)                 .FILL x0039
(305A) 0020  0000000000100000 (  79)                 .FILL x0020
(305B) 0063  0000000001100011 (  79)                 .FILL x0063
(305C) 0068  0000000001101000 (  79)                 .FILL x0068
(305D) 0061  0000000001100001 (  79)                 .FILL x0061
(305E) 0072  0000000001110010 (  79)                 .FILL x0072
(305F) 0073  0000000001110011 (  79)                 .FILL x0073
(3060) 0020  0000000000100000 (  79)                 .FILL x0020
(3061) 003D  0000000000111101 (  79)                 .FILL x003D
(3062) 003D  0000000000111101 (  79)                 .FILL x003D
(3063) 003E  0000000000111110 (  79)                 .FILL x003E
(3064) 0020  0000000000100000 (  79)                 .FILL x0020
(3065) 0000  0000000000000000 (  79)                 .FILL x0000
(3066) 0054  0000000001010100 (  80) msg2            .FILL x0054
(3067) 0068  0000000001101000 (  80)                 .FILL x0068
(3068) 0065  0000000001100101 (  80)                 .FILL x0065
(3069) 0020  0000000000100000 (  80)                 .FILL x0020
(306A) 0073  0000000001110011 (  80)                 .FILL x0073
(306B) 0074  0000000001110100 (  80)                 .FILL x0074
(306C) 0072  0000000001110010 (  80)                 .FILL x0072
(306D) 0069  0000000001101001 (  80)                 .FILL x0069
(306E) 006E  0000000001101110 (  80)                 .FILL x006E
(306F) 0067  0000000001100111 (  80)                 .FILL x0067
(3070) 0020  0000000000100000 (  80)                 .FILL x0020
(3071) 0065  0000000001100101 (  80)                 .FILL x0065
(3072) 006E  0000000001101110 (  80)                 .FILL x006E
(3073) 0074  0000000001110100 (  80)                 .FILL x0074
(3074) 0065  0000000001100101 (  80)                 .FILL x0065
(3075) 0072  0000000001110010 (  80)                 .FILL x0072
(3076) 0065  0000000001100101 (  80)                 .FILL x0065
(3077) 0064  0000000001100100 (  80)                 .FILL x0064
(3078) 0020  0000000000100000 (  80)                 .FILL x0020
(3079) 0069  0000000001101001 (  80)                 .FILL x0069
(307A) 0073  0000000001110011 (  80)                 .FILL x0073
(307B) 003A  0000000000111010 (  80)                 .FILL x003A
(307C) 0020  0000000000100000 (  80)                 .FILL x0020
(307D) 0020  0000000000100000 (  80)                 .FILL x0020
(307E) 0000  0000000000000000 (  80)                 .FILL x0000
(307F) 0054  0000000001010100 (  81) msg3            .FILL x0054
(3080) 0068  0000000001101000 (  81)                 .FILL x0068
(3081) 0065  0000000001100101 (  81)                 .FILL x0065
(3082) 0020  0000000000100000 (  81)                 .FILL x0020
(3083) 0072  0000000001110010 (  81)                 .FILL x0072
(3084) 0065  0000000001100101 (  81)                 .FILL x0065
(3085) 0076  0000000001110110 (  81)                 .FILL x0076
(3086) 0065  0000000001100101 (  81)                 .FILL x0065
(3087) 0072  0000000001110010 (  81)                 .FILL x0072
(3088) 0073  0000000001110011 (  81)                 .FILL x0073
(3089) 0065  0000000001100101 (  81)                 .FILL x0065
(308A) 0064  0000000001100100 (  81)                 .FILL x0064
(308B) 0020  0000000000100000 (  81)                 .FILL x0020
(308C) 0073  0000000001110011 (  81)                 .FILL x0073
(308D) 0074  0000000001110100 (  81)                 .FILL x0074
(308E) 0072  0000000001110010 (  81)                 .FILL x0072
(308F) 0069  0000000001101001 (  81)                 .FILL x0069
(3090) 006E  0000000001101110 (  81)                 .FILL x006E
(3091) 0067  0000000001100111 (  81)                 .FILL x0067
(3092) 0020  0000000000100000 (  81)                 .FILL x0020
(3093) 0069  0000000001101001 (  81)                 .FILL x0069
(3094) 0073  0000000001110011 (  81)                 .FILL x0073
(3095) 003A  0000000000111010 (  81)                 .FILL x003A
(3096) 0020  0000000000100000 (  81)                 .FILL x0020
(3097) 0020  0000000000100000 (  81)                 .FILL x0020
(3098) 0000  0000000000000000 (  81)                 .FILL x0000
(3099) 0045  0000000001000101 (  82) msg4            .FILL x0045
(309A) 006E  0000000001101110 (  82)                 .FILL x006E
(309B) 0074  0000000001110100 (  82)                 .FILL x0074
(309C) 0065  0000000001100101 (  82)                 .FILL x0065
(309D) 0072  0000000001110010 (  82)                 .FILL x0072
(309E) 0020  0000000000100000 (  82)                 .FILL x0020
(309F) 0061  0000000001100001 (  82)                 .FILL x0061
(30A0) 0020  0000000000100000 (  82)                 .FILL x0020
(30A1) 0063  0000000001100011 (  82)                 .FILL x0063
(30A2) 0068  0000000001101000 (  82)                 .FILL x0068
(30A3) 0061  0000000001100001 (  82)                 .FILL x0061
(30A4) 0072  0000000001110010 (  82)                 .FILL x0072
(30A5) 0061  0000000001100001 (  82)                 .FILL x0061
(30A6) 0063  0000000001100011 (  82)                 .FILL x0063
(30A7) 0074  0000000001110100 (  82)                 .FILL x0074
(30A8) 0065  0000000001100101 (  82)                 .FILL x0065
(30A9) 0072  0000000001110010 (  82)                 .FILL x0072
(30AA) 0020  0000000000100000 (  82)                 .FILL x0020
(30AB) 003D  0000000000111101 (  82)                 .FILL x003D
(30AC) 003E  0000000000111110 (  82)                 .FILL x003E
(30AD) 0020  0000000000100000 (  82)                 .FILL x0020
(30AE) 0000  0000000000000000 (  82)                 .FILL x0000
(30AF) 0054  0000000001010100 (  83) msg5            .FILL x0054
(30B0) 0068  0000000001101000 (  83)                 .FILL x0068
(30B1) 0065  0000000001100101 (  83)                 .FILL x0065
(30B2) 0020  0000000000100000 (  83)                 .FILL x0020
(30B3) 006D  0000000001101101 (  83)                 .FILL x006D
(30B4) 006F  0000000001101111 (  83)                 .FILL x006F
(30B5) 0064  0000000001100100 (  83)                 .FILL x0064
(30B6) 0069  0000000001101001 (  83)                 .FILL x0069
(30B7) 0066  0000000001100110 (  83)                 .FILL x0066
(30B8) 0069  0000000001101001 (  83)                 .FILL x0069
(30B9) 0065  0000000001100101 (  83)                 .FILL x0065
(30BA) 0064  0000000001100100 (  83)                 .FILL x0064
(30BB) 0020  0000000000100000 (  83)                 .FILL x0020
(30BC) 0073  0000000001110011 (  83)                 .FILL x0073
(30BD) 0074  0000000001110100 (  83)                 .FILL x0074
(30BE) 0072  0000000001110010 (  83)                 .FILL x0072
(30BF) 0069  0000000001101001 (  83)                 .FILL x0069
(30C0) 006E  0000000001101110 (  83)                 .FILL x006E
(30C1) 0067  0000000001100111 (  83)                 .FILL x0067
(30C2) 0020  0000000000100000 (  83)                 .FILL x0020
(30C3) 0069  0000000001101001 (  83)                 .FILL x0069
(30C4) 0073  0000000001110011 (  83)                 .FILL x0073
(30C5) 003A  0000000000111010 (  83)                 .FILL x003A
(30C6) 0020  0000000000100000 (  83)                 .FILL x0020
(30C7) 0000  0000000000000000 (  83)                 .FILL x0000
(30C8) FFF6  1111111111110110 (  84) nlneg           .FILL xFFF6
(30C9) 000A  0000000000001010 (  85) nl              .FILL x000A
(30CA) 0000  0000000000000000 (  88) labl            .FILL x0000
(30CB) 0000  0000000000000000 (  88)                 .FILL x0000
(30CC) 0000  0000000000000000 (  88)                 .FILL x0000
(30CD) 0000  0000000000000000 (  88)                 .FILL x0000
(30CE) 0000  0000000000000000 (  88)                 .FILL x0000
(30CF) 0000  0000000000000000 (  88)                 .FILL x0000
(30D0) 0000  0000000000000000 (  88)                 .FILL x0000
(30D1) 0000  0000000000000000 (  88)                 .FILL x0000
(30D2) 0000  0000000000000000 (  88)                 .FILL x0000
