(0000) 3000  0011000000000000 (   7)                 .ORIG x3000
(3000) E045  1110000001000101 (   9)                 LEA   R0 arr1
(3001) E24F  1110001001001111 (  10)                 LEA   R1 arr2
(3002) 2C5A  0010110001011010 (  11)                 LD    R6 negasc
(3003) 5B60  0101101101100000 (  12)                 AND   R5 R5 #0
(3004) 5920  0101100100100000 (  13)                 AND   R4 R4 #0
(3005) 6400  0110010000000000 (  15) start           LDR   R2 R0 #0
(3006) 6640  0110011001000000 (  16)                 LDR   R3 R1 #0
(3007) 0404  0000010000000100 (  17)                 BRZ   result
(3008) 4804  0100100000000100 (  18)                 JSR   multTwo
(3009) 1261  0001001001100001 (  19)                 ADD   R1 R1 #1
(300A) 1021  0001000000100001 (  20)                 ADD   R0 R0 #1
(300B) 03F9  0000001111111001 (  21)                 BRP   start
(300C) F025  1111000000100101 (  25) result          TRAP  x25
(300D) 5B60  0101101101100000 (  27) multTwo         AND   R5 R5 #0
(300E) 1486  0001010010000110 (  28)                 ADD   R2 R2 R6
(300F) 16C6  0001011011000110 (  29)                 ADD   R3 R3 R6
(3010) 1B42  0001101101000010 (  30)                 ADD   R5 R5 R2
(3011) 16FF  0001011011111111 (  31)                 ADD   R3 R3 #-1
(3012) 0805  0000100000000101 (  32)                 BRN   return
(3013) 0403  0000010000000011 (  33)                 BRZ   assign
(3014) 1485  0001010010000101 (  34) loop            ADD   R2 R2 R5
(3015) 16FF  0001011011111111 (  35)                 ADD   R3 R3 #-1
(3016) 03FD  0000001111111101 (  36)                 BRP   loop
(3017) 1902  0001100100000010 (  37) assign          ADD   R4 R4 R2
(3018) C1C0  1100000111000000 (  38) return          RET   
(3019) 0074  0000000001110100 (  40) msg             .FILL x0074
(301A) 0068  0000000001101000 (  40)                 .FILL x0068
(301B) 0065  0000000001100101 (  40)                 .FILL x0065
(301C) 0020  0000000000100000 (  40)                 .FILL x0020
(301D) 0073  0000000001110011 (  40)                 .FILL x0073
(301E) 0075  0000000001110101 (  40)                 .FILL x0075
(301F) 006D  0000000001101101 (  40)                 .FILL x006D
(3020) 0020  0000000000100000 (  40)                 .FILL x0020
(3021) 006F  0000000001101111 (  40)                 .FILL x006F
(3022) 0066  0000000001100110 (  40)                 .FILL x0066
(3023) 0020  0000000000100000 (  40)                 .FILL x0020
(3024) 006D  0000000001101101 (  40)                 .FILL x006D
(3025) 0075  0000000001110101 (  40)                 .FILL x0075
(3026) 006C  0000000001101100 (  40)                 .FILL x006C
(3027) 0074  0000000001110100 (  40)                 .FILL x0074
(3028) 0069  0000000001101001 (  40)                 .FILL x0069
(3029) 0070  0000000001110000 (  40)                 .FILL x0070
(302A) 006C  0000000001101100 (  40)                 .FILL x006C
(302B) 0069  0000000001101001 (  40)                 .FILL x0069
(302C) 0063  0000000001100011 (  40)                 .FILL x0063
(302D) 0061  0000000001100001 (  40)                 .FILL x0061
(302E) 0074  0000000001110100 (  40)                 .FILL x0074
(302F) 0069  0000000001101001 (  40)                 .FILL x0069
(3030) 006F  0000000001101111 (  40)                 .FILL x006F
(3031) 006E  0000000001101110 (  40)                 .FILL x006E
(3032) 0020  0000000000100000 (  40)                 .FILL x0020
(3033) 006F  0000000001101111 (  40)                 .FILL x006F
(3034) 0066  0000000001100110 (  40)                 .FILL x0066
(3035) 0020  0000000000100000 (  40)                 .FILL x0020
(3036) 0027  0000000000100111 (  40)                 .FILL x0027
(3037) 0000  0000000000000000 (  40)                 .FILL x0000
(3038) 0027  0000000000100111 (  41) msg2            .FILL x0027
(3039) 0020  0000000000100000 (  41)                 .FILL x0020
(303A) 0061  0000000001100001 (  41)                 .FILL x0061
(303B) 006E  0000000001101110 (  41)                 .FILL x006E
(303C) 0064  0000000001100100 (  41)                 .FILL x0064
(303D) 0020  0000000000100000 (  41)                 .FILL x0020
(303E) 0027  0000000000100111 (  41)                 .FILL x0027
(303F) 0000  0000000000000000 (  41)                 .FILL x0000
(3040) 0020  0000000000100000 (  42) msg3            .FILL x0020
(3041) 0069  0000000001101001 (  42)                 .FILL x0069
(3042) 0073  0000000001110011 (  42)                 .FILL x0073
(3043) 003A  0000000000111010 (  42)                 .FILL x003A
(3044) 0020  0000000000100000 (  42)                 .FILL x0020
(3045) 0000  0000000000000000 (  42)                 .FILL x0000
(3046) 0030  0000000000110000 (  43) arr1            .FILL x0030
(3047) 0031  0000000000110001 (  43)                 .FILL x0031
(3048) 0032  0000000000110010 (  43)                 .FILL x0032
(3049) 0033  0000000000110011 (  43)                 .FILL x0033
(304A) 0034  0000000000110100 (  43)                 .FILL x0034
(304B) 0035  0000000000110101 (  43)                 .FILL x0035
(304C) 0036  0000000000110110 (  43)                 .FILL x0036
(304D) 0037  0000000000110111 (  43)                 .FILL x0037
(304E) 0038  0000000000111000 (  43)                 .FILL x0038
(304F) 0039  0000000000111001 (  43)                 .FILL x0039
(3050) 0000  0000000000000000 (  43)                 .FILL x0000
(3051) 0039  0000000000111001 (  44) arr2            .FILL x0039
(3052) 0038  0000000000111000 (  44)                 .FILL x0038
(3053) 0037  0000000000110111 (  44)                 .FILL x0037
(3054) 0036  0000000000110110 (  44)                 .FILL x0036
(3055) 0035  0000000000110101 (  44)                 .FILL x0035
(3056) 0034  0000000000110100 (  44)                 .FILL x0034
(3057) 0033  0000000000110011 (  44)                 .FILL x0033
(3058) 0032  0000000000110010 (  44)                 .FILL x0032
(3059) 0031  0000000000110001 (  44)                 .FILL x0031
(305A) 0030  0000000000110000 (  44)                 .FILL x0030
(305B) 0000  0000000000000000 (  44)                 .FILL x0000
(305C) 0030  0000000000110000 (  45) posasc          .FILL x0030
(305D) FFD0  1111111111010000 (  46) negasc          .FILL xFFD0
