(0000) 3000  0011000000000000 (   1)                 .ORIG x3000
(3000) E414  1110010000010100 (   2)                 LEA   R2 Stack
(3001) 5020  0101000000100000 (   3)                 AND   R0 R0 #0
(3002) 5DA0  0101110110100000 (   4)                 AND   R6 R6 #0
(3003) 261C  0010011000011100 (   5)                 LD    R3 ASCII
(3004) 4803  0100100000000011 (   7)                 JSR   Fact
(3005) 1003  0001000000000011 (   8)                 ADD   R0 R0 R3
(3006) F021  1111000000100001 (   9)                 TRAP  x21
(3007) F025  1111000000100101 (  10)                 TRAP  x25
(3008) 7E80  0111111010000000 (  12) Fact            STR   R7 R2 #0
(3009) 14A1  0001010010100001 (  13)                 ADD   R2 R2 #1
(300A) 1021  0001000000100001 (  15)                 ADD   R0 R0 #1
(300B) 2213  0010001000010011 (  16)                 LD    R1 Counter
(300C) 127F  0001001001111111 (  18)                 ADD   R1 R1 #-1
(300D) 0404  0000010000000100 (  19)                 BRZ   finish
(300E) 1A60  0001101001100000 (  20)                 ADD   R5 R1 #0
(300F) 1D85  0001110110000101 (  21)                 ADD   R6 R6 R5
(3010) 320E  0011001000001110 (  22)                 ST    R1 Counter
(3011) 4FF6  0100111111110110 (  25)                 JSR   Fact
(3012) 14BF  0001010010111111 (  27) finish          ADD   R2 R2 #-1
(3013) 6E80  0110111010000000 (  28)                 LDR   R7 R2 #0
(3014) C1C0  1100000111000000 (  30)                 RET   
(3015) 0000  0000000000000000 (  33) Stack           .FILL x0000
(3016) 0000  0000000000000000 (  33)                 .FILL x0000
(3017) 0000  0000000000000000 (  33)                 .FILL x0000
(3018) 0000  0000000000000000 (  33)                 .FILL x0000
(3019) 0000  0000000000000000 (  33)                 .FILL x0000
(301A) 0000  0000000000000000 (  33)                 .FILL x0000
(301B) 0000  0000000000000000 (  33)                 .FILL x0000
(301C) 0000  0000000000000000 (  33)                 .FILL x0000
(301D) 0000  0000000000000000 (  33)                 .FILL x0000
(301E) 0000  0000000000000000 (  33)                 .FILL x0000
(301F) 0005  0000000000000101 (  33) Counter         .FILL x0005
(3020) 0030  0000000000110000 (  34) ASCII           .FILL x0030
