(0000) 3000  0011000000000000 (   6)                 .ORIG x3000
(3000) E035  1110000000110101 (   7)                 LEA   R0 msg1
(3001) F022  1111000000100010 (   8)                 TRAP  x22
(3002) F020  1111000000100000 (   9)                 TRAP  x20
(3003) F021  1111000000100001 (  10)                 TRAP  x21
(3004) 5260  0101001001100000 (  12)                 AND   R1 R1 #0
(3005) 1240  0001001001000000 (  13)                 ADD   R1 R1 R0
(3006) 5B60  0101101101100000 (  14)                 AND   R5 R5 #0
(3007) 1B41  0001101101000001 (  15)                 ADD   R5 R5 R1
(3008) 927F  1001001001111111 (  16)                 NOT   R1 R1
(3009) 1261  0001001001100001 (  17)                 ADD   R1 R1 #1
(300A) 207F  0010000001111111 (  18)                 LD    R0 NL
(300B) F021  1111000000100001 (  19)                 TRAP  x21
(300C) E419  1110010000011001 (  21)                 LEA   R2 mesg
(300D) 5920  0101100100100000 (  22)                 AND   R4 R4 #0
(300E) 6680  0110011010000000 (  24) loop            LDR   R3 R2 #0
(300F) 0406  0000010000000110 (  25)                 BRZ   done
(3010) 14A1  0001010010100001 (  26)                 ADD   R2 R2 #1
(3011) 16C1  0001011011000001 (  27)                 ADD   R3 R3 R1
(3012) 0401  0000010000000001 (  28)                 BRZ   count
(3013) 0FFA  0000111111111010 (  29)                 BRNZP loop
(3014) 1921  0001100100100001 (  32) count           ADD   R4 R4 #1
(3015) 0FF8  0000111111111000 (  33)                 BRNZP loop
(3016) 5020  0101000000100000 (  35) done            AND   R0 R0 #0
(3017) E034  1110000000110100 (  36)                 LEA   R0 msg2
(3018) F022  1111000000100010 (  37)                 TRAP  x22
(3019) 5020  0101000000100000 (  39)                 AND   R0 R0 #0
(301A) 1005  0001000000000101 (  40)                 ADD   R0 R0 R5
(301B) F021  1111000000100001 (  41)                 TRAP  x21
(301C) E054  1110000001010100 (  43)                 LEA   R0 msg3
(301D) F022  1111000000100010 (  44)                 TRAP  x22
(301E) E007  1110000000000111 (  46)                 LEA   R0 mesg
(301F) F022  1111000000100010 (  47)                 TRAP  x22
(3020) E063  1110000001100011 (  49)                 LEA   R0 msg4
(3021) F022  1111000000100010 (  50)                 TRAP  x22
(3022) 2012  0010000000010010 (  52)                 LD    R0 posAsc
(3023) 1004  0001000000000100 (  53)                 ADD   R0 R0 R4
(3024) F021  1111000000100001 (  54)                 TRAP  x21
(3025) F025  1111000000100101 (  56)                 TRAP  x25
(3026) 0027  0000000000100111 (  58) mesg            .FILL x0027
(3027) 006D  0000000001101101 (  58)                 .FILL x006D
(3028) 0069  0000000001101001 (  58)                 .FILL x0069
(3029) 0073  0000000001110011 (  58)                 .FILL x0073
(302A) 0073  0000000001110011 (  58)                 .FILL x0073
(302B) 0069  0000000001101001 (  58)                 .FILL x0069
(302C) 0073  0000000001110011 (  58)                 .FILL x0073
(302D) 0073  0000000001110011 (  58)                 .FILL x0073
(302E) 0069  0000000001101001 (  58)                 .FILL x0069
(302F) 0070  0000000001110000 (  58)                 .FILL x0070
(3030) 0070  0000000001110000 (  58)                 .FILL x0070
(3031) 0069  0000000001101001 (  58)                 .FILL x0069
(3032) 0027  0000000000100111 (  58)                 .FILL x0027
(3033) 0000  0000000000000000 (  58)                 .FILL x0000
(3034) 0009  0000000000001001 (  59) length          .FILL x0009
(3035) 0030  0000000000110000 (  60) posAsc          .FILL x0030
(3036) 0045  0000000001000101 (  61) msg1            .FILL x0045
(3037) 006E  0000000001101110 (  61)                 .FILL x006E
(3038) 0074  0000000001110100 (  61)                 .FILL x0074
(3039) 0065  0000000001100101 (  61)                 .FILL x0065
(303A) 0072  0000000001110010 (  61)                 .FILL x0072
(303B) 0020  0000000000100000 (  61)                 .FILL x0020
(303C) 006F  0000000001101111 (  61)                 .FILL x006F
(303D) 006E  0000000001101110 (  61)                 .FILL x006E
(303E) 0065  0000000001100101 (  61)                 .FILL x0065
(303F) 0020  0000000000100000 (  61)                 .FILL x0020
(3040) 0063  0000000001100011 (  61)                 .FILL x0063
(3041) 0068  0000000001101000 (  61)                 .FILL x0068
(3042) 0061  0000000001100001 (  61)                 .FILL x0061
(3043) 0072  0000000001110010 (  61)                 .FILL x0072
(3044) 0061  0000000001100001 (  61)                 .FILL x0061
(3045) 0063  0000000001100011 (  61)                 .FILL x0063
(3046) 0074  0000000001110100 (  61)                 .FILL x0074
(3047) 0065  0000000001100101 (  61)                 .FILL x0065
(3048) 0072  0000000001110010 (  61)                 .FILL x0072
(3049) 003A  0000000000111010 (  61)                 .FILL x003A
(304A) 0020  0000000000100000 (  61)                 .FILL x0020
(304B) 0000  0000000000000000 (  61)                 .FILL x0000
(304C) 004E  0000000001001110 (  62) msg2            .FILL x004E
(304D) 0075  0000000001110101 (  62)                 .FILL x0075
(304E) 006D  0000000001101101 (  62)                 .FILL x006D
(304F) 0062  0000000001100010 (  62)                 .FILL x0062
(3050) 0065  0000000001100101 (  62)                 .FILL x0065
(3051) 0072  0000000001110010 (  62)                 .FILL x0072
(3052) 0020  0000000000100000 (  62)                 .FILL x0020
(3053) 006F  0000000001101111 (  62)                 .FILL x006F
(3054) 0066  0000000001100110 (  62)                 .FILL x0066
(3055) 0020  0000000000100000 (  62)                 .FILL x0020
(3056) 006F  0000000001101111 (  62)                 .FILL x006F
(3057) 0063  0000000001100011 (  62)                 .FILL x0063
(3058) 0063  0000000001100011 (  62)                 .FILL x0063
(3059) 0075  0000000001110101 (  62)                 .FILL x0075
(305A) 0072  0000000001110010 (  62)                 .FILL x0072
(305B) 0072  0000000001110010 (  62)                 .FILL x0072
(305C) 0065  0000000001100101 (  62)                 .FILL x0065
(305D) 006E  0000000001101110 (  62)                 .FILL x006E
(305E) 0063  0000000001100011 (  62)                 .FILL x0063
(305F) 0065  0000000001100101 (  62)                 .FILL x0065
(3060) 0073  0000000001110011 (  62)                 .FILL x0073
(3061) 0020  0000000000100000 (  62)                 .FILL x0020
(3062) 006F  0000000001101111 (  62)                 .FILL x006F
(3063) 0066  0000000001100110 (  62)                 .FILL x0066
(3064) 0020  0000000000100000 (  62)                 .FILL x0020
(3065) 0063  0000000001100011 (  62)                 .FILL x0063
(3066) 0068  0000000001101000 (  62)                 .FILL x0068
(3067) 0061  0000000001100001 (  62)                 .FILL x0061
(3068) 0072  0000000001110010 (  62)                 .FILL x0072
(3069) 0061  0000000001100001 (  62)                 .FILL x0061
(306A) 0063  0000000001100011 (  62)                 .FILL x0063
(306B) 0074  0000000001110100 (  62)                 .FILL x0074
(306C) 0065  0000000001100101 (  62)                 .FILL x0065
(306D) 0072  0000000001110010 (  62)                 .FILL x0072
(306E) 0020  0000000000100000 (  62)                 .FILL x0020
(306F) 0027  0000000000100111 (  62)                 .FILL x0027
(3070) 0000  0000000000000000 (  62)                 .FILL x0000
(3071) 0027  0000000000100111 (  63) msg3            .FILL x0027
(3072) 0020  0000000000100000 (  63)                 .FILL x0020
(3073) 0066  0000000001100110 (  63)                 .FILL x0066
(3074) 0072  0000000001110010 (  63)                 .FILL x0072
(3075) 006F  0000000001101111 (  63)                 .FILL x006F
(3076) 006D  0000000001101101 (  63)                 .FILL x006D
(3077) 0020  0000000000100000 (  63)                 .FILL x0020
(3078) 0074  0000000001110100 (  63)                 .FILL x0074
(3079) 0068  0000000001101000 (  63)                 .FILL x0068
(307A) 0065  0000000001100101 (  63)                 .FILL x0065
(307B) 0020  0000000000100000 (  63)                 .FILL x0020
(307C) 0073  0000000001110011 (  63)                 .FILL x0073
(307D) 0074  0000000001110100 (  63)                 .FILL x0074
(307E) 0072  0000000001110010 (  63)                 .FILL x0072
(307F) 0069  0000000001101001 (  63)                 .FILL x0069
(3080) 006E  0000000001101110 (  63)                 .FILL x006E
(3081) 0067  0000000001100111 (  63)                 .FILL x0067
(3082) 0020  0000000000100000 (  63)                 .FILL x0020
(3083) 0000  0000000000000000 (  63)                 .FILL x0000
(3084) 0020  0000000000100000 (  64) msg4            .FILL x0020
(3085) 0069  0000000001101001 (  64)                 .FILL x0069
(3086) 0073  0000000001110011 (  64)                 .FILL x0073
(3087) 003A  0000000000111010 (  64)                 .FILL x003A
(3088) 0020  0000000000100000 (  64)                 .FILL x0020
(3089) 0000  0000000000000000 (  64)                 .FILL x0000
(308A) 000A  0000000000001010 (  65) NL              .FILL x000A
