(0000) 3000  0011000000000000 (   5)                 .ORIG x3000
(3000) 5920  0101100100100000 (   6)                 AND   R4 R4 #0
(3001) 2458  0010010001011000 (   7)                 LD    R2 negasc
(3002) 2658  0010011001011000 (   8)                 LD    R3 posasc
(3003) E01D  1110000000011101 (  10) loop            LEA   R0 msg
(3004) F022  1111000000100010 (  11)                 TRAP  x22
(3005) F020  1111000000100000 (  12)                 TRAP  x20
(3006) F021  1111000000100001 (  13)                 TRAP  x21
(3007) 1002  0001000000000010 (  14)                 ADD   R0 R0 R2
(3008) 040E  0000010000001110 (  15)                 BRZ   output
(3009) 903F  1001000000111111 (  16)                 NOT   R0 R0
(300A) 1021  0001000000100001 (  17)                 ADD   R0 R0 #1
(300B) 1840  0001100001000000 (  18)                 ADD   R4 R1 R0
(300C) 0803  0000100000000011 (  19)                 BRN   assign
(300D) 204B  0010000001001011 (  20)                 LD    R0 NL
(300E) F021  1111000000100001 (  21)                 TRAP  x21
(300F) 0FF3  0000111111110011 (  22)                 BRNZP loop
(3010) 5260  0101001001100000 (  24) assign          AND   R1 R1 #0
(3011) 903F  1001000000111111 (  25)                 NOT   R0 R0
(3012) 1021  0001000000100001 (  26)                 ADD   R0 R0 #1
(3013) 1220  0001001000100000 (  27)                 ADD   R1 R0 #0
(3014) 2044  0010000001000100 (  28)                 LD    R0 NL
(3015) F021  1111000000100001 (  29)                 TRAP  x21
(3016) 0FEC  0000111111101100 (  30)                 BRNZP loop
(3017) 2041  0010000001000001 (  32) output          LD    R0 NL
(3018) F021  1111000000100001 (  33)                 TRAP  x21
(3019) F021  1111000000100001 (  34)                 TRAP  x21
(301A) E025  1110000000100101 (  35)                 LEA   R0 msg2
(301B) F022  1111000000100010 (  36)                 TRAP  x22
(301C) 5020  0101000000100000 (  37)                 AND   R0 R0 #0
(301D) 1060  0001000001100000 (  38)                 ADD   R0 R1 #0
(301E) 1003  0001000000000011 (  39)                 ADD   R0 R0 R3
(301F) F021  1111000000100001 (  40)                 TRAP  x21
(3020) F025  1111000000100101 (  42)                 TRAP  x25
(3021) 0045  0000000001000101 (  43) msg             .FILL x0045
(3022) 006E  0000000001101110 (  43)                 .FILL x006E
(3023) 0074  0000000001110100 (  43)                 .FILL x0074
(3024) 0065  0000000001100101 (  43)                 .FILL x0065
(3025) 0072  0000000001110010 (  43)                 .FILL x0072
(3026) 0020  0000000000100000 (  43)                 .FILL x0020
(3027) 0061  0000000001100001 (  43)                 .FILL x0061
(3028) 0020  0000000000100000 (  43)                 .FILL x0020
(3029) 0073  0000000001110011 (  43)                 .FILL x0073
(302A) 0069  0000000001101001 (  43)                 .FILL x0069
(302B) 006E  0000000001101110 (  43)                 .FILL x006E
(302C) 0067  0000000001100111 (  43)                 .FILL x0067
(302D) 006C  0000000001101100 (  43)                 .FILL x006C
(302E) 0065  0000000001100101 (  43)                 .FILL x0065
(302F) 002D  0000000000101101 (  43)                 .FILL x002D
(3030) 0064  0000000001100100 (  43)                 .FILL x0064
(3031) 0069  0000000001101001 (  43)                 .FILL x0069
(3032) 0067  0000000001100111 (  43)                 .FILL x0067
(3033) 0069  0000000001101001 (  43)                 .FILL x0069
(3034) 0074  0000000001110100 (  43)                 .FILL x0074
(3035) 0020  0000000000100000 (  43)                 .FILL x0020
(3036) 0069  0000000001101001 (  43)                 .FILL x0069
(3037) 006E  0000000001101110 (  43)                 .FILL x006E
(3038) 0074  0000000001110100 (  43)                 .FILL x0074
(3039) 0065  0000000001100101 (  43)                 .FILL x0065
(303A) 0067  0000000001100111 (  43)                 .FILL x0067
(303B) 0065  0000000001100101 (  43)                 .FILL x0065
(303C) 0072  0000000001110010 (  43)                 .FILL x0072
(303D) 003E  0000000000111110 (  43)                 .FILL x003E
(303E) 0020  0000000000100000 (  43)                 .FILL x0020
(303F) 0000  0000000000000000 (  43)                 .FILL x0000
(3040) 0054  0000000001010100 (  44) msg2            .FILL x0054
(3041) 0068  0000000001101000 (  44)                 .FILL x0068
(3042) 0065  0000000001100101 (  44)                 .FILL x0065
(3043) 0020  0000000000100000 (  44)                 .FILL x0020
(3044) 006C  0000000001101100 (  44)                 .FILL x006C
(3045) 0061  0000000001100001 (  44)                 .FILL x0061
(3046) 0072  0000000001110010 (  44)                 .FILL x0072
(3047) 0067  0000000001100111 (  44)                 .FILL x0067
(3048) 0065  0000000001100101 (  44)                 .FILL x0065
(3049) 0073  0000000001110011 (  44)                 .FILL x0073
(304A) 0074  0000000001110100 (  44)                 .FILL x0074
(304B) 0020  0000000000100000 (  44)                 .FILL x0020
(304C) 0069  0000000001101001 (  44)                 .FILL x0069
(304D) 006E  0000000001101110 (  44)                 .FILL x006E
(304E) 0074  0000000001110100 (  44)                 .FILL x0074
(304F) 0065  0000000001100101 (  44)                 .FILL x0065
(3050) 0067  0000000001100111 (  44)                 .FILL x0067
(3051) 0065  0000000001100101 (  44)                 .FILL x0065
(3052) 0072  0000000001110010 (  44)                 .FILL x0072
(3053) 0020  0000000000100000 (  44)                 .FILL x0020
(3054) 0069  0000000001101001 (  44)                 .FILL x0069
(3055) 0073  0000000001110011 (  44)                 .FILL x0073
(3056) 003E  0000000000111110 (  44)                 .FILL x003E
(3057) 0020  0000000000100000 (  44)                 .FILL x0020
(3058) 0000  0000000000000000 (  44)                 .FILL x0000
(3059) 000A  0000000000001010 (  45) NL              .FILL x000A
(305A) FFD0  1111111111010000 (  46) negasc          .FILL xFFD0
(305B) 0030  0000000000110000 (  47) posasc          .FILL x0030
